<?xml version="1.0" encoding="UTF-8"?>
<testng-results skipped="0" failed="0" ignored="0" total="1" passed="1">
  <reporter-output>
  </reporter-output>
  <suite name="Default suite" duration-ms="12091" started-at="2022-03-28T18:24:59 AEDT" finished-at="2022-03-28T18:25:11 AEDT">
    <groups>
    </groups>
    <test name="Default test" duration-ms="12091" started-at="2022-03-28T18:24:59 AEDT" finished-at="2022-03-28T18:25:11 AEDT">
      <class name="apiTestsUsingBdd.PostRequestToNewUser">
        <test-method status="PASS" signature="postdata()[pri:0, instance:apiTestsUsingBdd.PostRequestToNewUser@396e2f39]" name="postdata" is-config="true" duration-ms="2339" started-at="2022-03-28T18:24:59 AEDT" finished-at="2022-03-28T18:25:02 AEDT">
          <reporter-output>
          </reporter-output>
        </test-method> <!-- postdata -->
        <test-method status="PASS" signature="postNewUser()[pri:0, instance:apiTestsUsingBdd.PostRequestToNewUser@396e2f39]" name="postNewUser" duration-ms="9464" started-at="2022-03-28T18:25:02 AEDT" finished-at="2022-03-28T18:25:11 AEDT">
          <reporter-output>
          </reporter-output>
        </test-method> <!-- postNewUser -->
      </class> <!-- apiTestsUsingBdd.PostRequestToNewUser -->
    </test> <!-- Default test -->
  </suite> <!-- Default suite -->
</testng-results>
